[2025-02-04 21:22:58] [TPOI] [xxxxxxxx-xxxx-xxxx-xxxx-xxxxxxxxxxxx] Game created with settings: {"diffuculty":"easy","language":"dutch","privateGame":false,"maxPlayers":8,"defaultTimer":10,"lives":2}
[2025-02-04 21:22:58] [TPOI] [3dae0210-e424-478b-8771-e66f88345c96] Joined the game (1/8)
[2025-02-04 21:23:01] [TPOI] [0cfe73ba-71e4-493c-80eb-0ab9a2c41028] Joined the game (2/8)
[2025-02-04 21:23:02] [TPOI] [0cfe73ba-71e4-493c-80eb-0ab9a2c41028] Set their status to ready! (1/2)
[2025-02-04 21:23:04] [TPOI] [3dae0210-e424-478b-8771-e66f88345c96] Set their status to ready! (2/2)
[2025-02-04 21:23:04] [TPOI] [xxxxxxxx-xxxx-xxxx-xxxx-xxxxxxxxxxxx] Game started with 2 players!
[2025-02-04 21:23:06] [TPOI] [0cfe73ba-71e4-493c-80eb-0ab9a2c41028] Guessed 'zegen', which is correct!
[2025-02-04 21:23:06] [TPOI] [xxxxxxxx-xxxx-xxxx-xxxx-xxxxxxxxxxxx] The timer is now at 9.58 seconds
[2025-02-04 21:23:08] [TPOI] [3dae0210-e424-478b-8771-e66f88345c96] Guessed 'at', which is correct!
[2025-02-04 21:23:08] [TPOI] [xxxxxxxx-xxxx-xxxx-xxxx-xxxxxxxxxxxx] The timer is now at 9.25 seconds
[2025-02-04 21:23:10] [TPOI] [0cfe73ba-71e4-493c-80eb-0ab9a2c41028] Guessed 'uur', which is correct!
[2025-02-04 21:23:10] [TPOI] [xxxxxxxx-xxxx-xxxx-xxxx-xxxxxxxxxxxx] The timer is now at 9.03 seconds
[2025-02-04 21:23:14] [TPOI] [3dae0210-e424-478b-8771-e66f88345c96] Guessed 'fietsenstalling', which is an excellent word!
[2025-02-04 21:23:14] [TPOI] [xxxxxxxx-xxxx-xxxx-xxxx-xxxxxxxxxxxx] The timer is now at 7.94 seconds
[2025-02-04 21:23:20] [TPOI] [0cfe73ba-71e4-493c-80eb-0ab9a2c41028] Guessed 'loopbrug', which is correct!
[2025-02-04 21:23:20] [TPOI] [xxxxxxxx-xxxx-xxxx-xxxx-xxxxxxxxxxxx] The timer is now at 7.70 seconds
[2025-02-04 21:23:24] [TPOI] [3dae0210-e424-478b-8771-e66f88345c96] Guessed 'coordinatie' but its not a valid word (HINT: co)
[2025-02-04 21:23:28] [TPOI] [3dae0210-e424-478b-8771-e66f88345c96] Guessed 'coördienatie' but its not a valid word (HINT: co)
[2025-02-04 21:23:28] [TPOI] [3dae0210-e424-478b-8771-e66f88345c96] Guessed 'coördienatie' but its not a valid word (HINT: co)
[2025-02-04 21:23:28] [TPOI] [xxxxxxxx-xxxx-xxxx-xxxx-xxxxxxxxxxxx] Timer is now at 10.00 seconds
[2025-02-04 21:23:28] [TPOI] [3dae0210-e424-478b-8771-e66f88345c96] Did not guess the word in time. (1 lives remaining)
[2025-02-04 21:23:35] [TPOI] [0cfe73ba-71e4-493c-80eb-0ab9a2c41028] Guessed 'coördinatie', which is an excellent word!
[2025-02-04 21:23:35] [TPOI] [xxxxxxxx-xxxx-xxxx-xxxx-xxxxxxxxxxxx] The timer is now at 8.43 seconds
[2025-02-04 21:23:40] [TPOI] [3dae0210-e424-478b-8771-e66f88345c96] Guessed 'jezelf', which is correct!
[2025-02-04 21:23:40] [TPOI] [xxxxxxxx-xxxx-xxxx-xxxx-xxxxxxxxxxxx] The timer is now at 8.19 seconds
[2025-02-04 21:23:44] [TPOI] [0cfe73ba-71e4-493c-80eb-0ab9a2c41028] Guessed 'je', which is correct!
[2025-02-04 21:23:44] [TPOI] [xxxxxxxx-xxxx-xxxx-xxxx-xxxxxxxxxxxx] The timer is now at 7.92 seconds
[2025-02-04 21:23:52] [TPOI] [3dae0210-e424-478b-8771-e66f88345c96] Guessed '' but it does not contain the hint 'ez'
[2025-02-04 21:23:52] [TPOI] [3dae0210-e424-478b-8771-e66f88345c96] Died because they did not guess the word in time.
[2025-02-04 21:23:52] [TPOI] [0cfe73ba-71e4-493c-80eb-0ab9a2c41028] Has won!
[2025-02-04 21:25:33] [MIVP] [xxxxxxxx-xxxx-xxxx-xxxx-xxxxxxxxxxxx] Game created with settings: {"diffuculty":"easy","language":"dutch","privateGame":false,"maxPlayers":8,"defaultTimer":10,"lives":2}
[2025-02-04 21:25:33] [MIVP] [d47ed1ad-2e7f-4795-a859-acb248d42de1] Joined the game (1/8)
[2025-02-04 21:25:36] [MIVP] [68ecf078-fb21-42ca-9588-717537edf879] Joined the game (2/8)
[2025-02-04 21:25:38] [MIVP] [68ecf078-fb21-42ca-9588-717537edf879] Set their status to ready! (1/2)
[2025-02-04 21:25:39] [MIVP] [d47ed1ad-2e7f-4795-a859-acb248d42de1] Set their status to ready! (2/2)
[2025-02-04 21:25:39] [MIVP] [xxxxxxxx-xxxx-xxxx-xxxx-xxxxxxxxxxxx] New hint: ef | Previous hint: 
[2025-02-04 21:25:39] [MIVP] [xxxxxxxx-xxxx-xxxx-xxxx-xxxxxxxxxxxx] Game started with 2 players!
[2025-02-04 21:25:41] [MIVP] [d47ed1ad-2e7f-4795-a859-acb248d42de1] Guessed 'teef', which is correct!
[2025-02-04 21:25:41] [MIVP] [xxxxxxxx-xxxx-xxxx-xxxx-xxxxxxxxxxxx] New hint: ond | Previous hint: ef
[2025-02-04 21:25:41] [MIVP] [xxxxxxxx-xxxx-xxxx-xxxx-xxxxxxxxxxxx] The timer is now at 9.56 seconds
[2025-02-04 21:25:44] [MIVP] [68ecf078-fb21-42ca-9588-717537edf879] Guessed 'ondergoed', which is correct!
[2025-02-04 21:25:44] [MIVP] [xxxxxxxx-xxxx-xxxx-xxxx-xxxxxxxxxxxx] New hint: ok | Previous hint: ond
[2025-02-04 21:25:44] [MIVP] [xxxxxxxx-xxxx-xxxx-xxxx-xxxxxxxxxxxx] The timer is now at 9.33 seconds
[2025-02-04 21:25:46] [MIVP] [d47ed1ad-2e7f-4795-a859-acb248d42de1] Guessed 'bok', which is correct!
[2025-02-04 21:25:46] [MIVP] [xxxxxxxx-xxxx-xxxx-xxxx-xxxxxxxxxxxx] New hint: che | Previous hint: ok
[2025-02-04 21:25:46] [MIVP] [xxxxxxxx-xxxx-xxxx-xxxx-xxxxxxxxxxxx] The timer is now at 9.09 seconds
[2025-02-04 21:25:50] [MIVP] [68ecf078-fb21-42ca-9588-717537edf879] Guessed 'che', which is correct!
[2025-02-04 21:25:50] [MIVP] [xxxxxxxx-xxxx-xxxx-xxxx-xxxxxxxxxxxx] New hint: ig | Previous hint: che
[2025-02-04 21:25:50] [MIVP] [xxxxxxxx-xxxx-xxxx-xxxx-xxxxxxxxxxxx] The timer is now at 8.77 seconds
[2025-02-04 21:25:53] [MIVP] [d47ed1ad-2e7f-4795-a859-acb248d42de1] Guessed 'big', which is correct!
[2025-02-04 21:25:53] [MIVP] [xxxxxxxx-xxxx-xxxx-xxxx-xxxxxxxxxxxx] New hint: erd | Previous hint: ig
[2025-02-04 21:25:53] [MIVP] [xxxxxxxx-xxxx-xxxx-xxxx-xxxxxxxxxxxx] The timer is now at 8.55 seconds
[2025-02-04 21:25:55] [MIVP] [68ecf078-fb21-42ca-9588-717537edf879] Guessed 'nerd', which is correct!
[2025-02-04 21:25:55] [MIVP] [xxxxxxxx-xxxx-xxxx-xxxx-xxxxxxxxxxxx] New hint: st | Previous hint: erd
[2025-02-04 21:25:55] [MIVP] [xxxxxxxx-xxxx-xxxx-xxxx-xxxxxxxxxxxx] The timer is now at 8.23 seconds
[2025-02-04 21:25:57] [MIVP] [d47ed1ad-2e7f-4795-a859-acb248d42de1] Guessed 'stank', which is correct!
[2025-02-04 21:25:57] [MIVP] [xxxxxxxx-xxxx-xxxx-xxxx-xxxxxxxxxxxx] New hint: ct | Previous hint: st
[2025-02-04 21:25:57] [MIVP] [xxxxxxxx-xxxx-xxxx-xxxx-xxxxxxxxxxxx] The timer is now at 7.96 seconds
[2025-02-04 21:26:04] [MIVP] [68ecf078-fb21-42ca-9588-717537edf879] Guessed 'act', which is correct!
[2025-02-04 21:26:04] [MIVP] [xxxxxxxx-xxxx-xxxx-xxxx-xxxxxxxxxxxx] New hint: mer | Previous hint: ct
[2025-02-04 21:26:04] [MIVP] [xxxxxxxx-xxxx-xxxx-xxxx-xxxxxxxxxxxx] The timer is now at 7.77 seconds
[2025-02-04 21:26:07] [MIVP] [d47ed1ad-2e7f-4795-a859-acb248d42de1] Guessed 'merk', which is correct!
[2025-02-04 21:26:07] [MIVP] [xxxxxxxx-xxxx-xxxx-xxxx-xxxxxxxxxxxx] New hint: is | Previous hint: mer
[2025-02-04 21:26:07] [MIVP] [xxxxxxxx-xxxx-xxxx-xxxx-xxxxxxxxxxxx] The timer is now at 7.42 seconds
[2025-02-04 21:26:09] [MIVP] [68ecf078-fb21-42ca-9588-717537edf879] Guessed 'vis', which is correct!
[2025-02-04 21:26:09] [MIVP] [xxxxxxxx-xxxx-xxxx-xxxx-xxxxxxxxxxxx] New hint: ui | Previous hint: is
[2025-02-04 21:26:09] [MIVP] [xxxxxxxx-xxxx-xxxx-xxxx-xxxxxxxxxxxx] The timer is now at 7.30 seconds
[2025-02-04 21:26:11] [MIVP] [d47ed1ad-2e7f-4795-a859-acb248d42de1] Guessed 'buit', which is correct!
[2025-02-04 21:26:11] [MIVP] [xxxxxxxx-xxxx-xxxx-xxxx-xxxxxxxxxxxx] The timer is now at 7.09 seconds
[2025-02-04 21:26:11] [MIVP] [xxxxxxxx-xxxx-xxxx-xxxx-xxxxxxxxxxxx] New hint: at | Previous hint: ui
[2025-02-04 21:26:13] [MIVP] [68ecf078-fb21-42ca-9588-717537edf879] Guessed 'at', which is correct!
[2025-02-04 21:26:13] [MIVP] [xxxxxxxx-xxxx-xxxx-xxxx-xxxxxxxxxxxx] The timer is now at 6.86 seconds
[2025-02-04 21:26:13] [MIVP] [xxxxxxxx-xxxx-xxxx-xxxx-xxxxxxxxxxxx] New hint: uu | Previous hint: at
[2025-02-04 21:26:15] [MIVP] [d47ed1ad-2e7f-4795-a859-acb248d42de1] Guessed 'uurwerk', which is correct!
[2025-02-04 21:26:15] [MIVP] [xxxxxxxx-xxxx-xxxx-xxxx-xxxxxxxxxxxx] The timer is now at 6.60 seconds
[2025-02-04 21:26:15] [MIVP] [xxxxxxxx-xxxx-xxxx-xxxx-xxxxxxxxxxxx] New hint: ce | Previous hint: uu
[2025-02-04 21:26:18] [MIVP] [68ecf078-fb21-42ca-9588-717537edf879] Guessed 'cement', which is correct!
[2025-02-04 21:26:18] [MIVP] [xxxxxxxx-xxxx-xxxx-xxxx-xxxxxxxxxxxx] New hint: eb | Previous hint: ce
[2025-02-04 21:26:18] [MIVP] [xxxxxxxx-xxxx-xxxx-xxxx-xxxxxxxxxxxx] The timer is now at 6.41 seconds
[2025-02-04 21:26:20] [MIVP] [d47ed1ad-2e7f-4795-a859-acb248d42de1] Guessed 'eb', which is correct!
[2025-02-04 21:26:20] [MIVP] [xxxxxxxx-xxxx-xxxx-xxxx-xxxxxxxxxxxx] New hint: sa | Previous hint: eb
[2025-02-04 21:26:20] [MIVP] [xxxxxxxx-xxxx-xxxx-xxxx-xxxxxxxxxxxx] The timer is now at 6.09 seconds
[2025-02-04 21:26:23] [MIVP] [68ecf078-fb21-42ca-9588-717537edf879] Guessed 'sap', which is correct!
[2025-02-04 21:26:23] [MIVP] [xxxxxxxx-xxxx-xxxx-xxxx-xxxxxxxxxxxx] The timer is now at 5.90 seconds
[2025-02-04 21:26:23] [MIVP] [xxxxxxxx-xxxx-xxxx-xxxx-xxxxxxxxxxxx] New hint: cha | Previous hint: sa
[2025-02-04 21:26:26] [MIVP] [d47ed1ad-2e7f-4795-a859-acb248d42de1] Guessed 'chat', which is correct!
[2025-02-04 21:26:26] [MIVP] [xxxxxxxx-xxxx-xxxx-xxxx-xxxxxxxxxxxx] New hint: ci | Previous hint: cha
[2025-02-04 21:26:26] [MIVP] [xxxxxxxx-xxxx-xxxx-xxxx-xxxxxxxxxxxx] The timer is now at 5.64 seconds
[2025-02-04 21:26:31] [MIVP] [68ecf078-fb21-42ca-9588-717537edf879] Guessed 'cit' but its not a valid word (HINT: ci)
[2025-02-04 21:26:32] [MIVP] [68ecf078-fb21-42ca-9588-717537edf879] Guessed 'c' but it does not contain the hint 'ci'
[2025-02-04 21:26:32] [MIVP] [68ecf078-fb21-42ca-9588-717537edf879] Did not guess the word in time. (1 lives remaining)
[2025-02-04 21:26:32] [MIVP] [xxxxxxxx-xxxx-xxxx-xxxx-xxxxxxxxxxxx] Timer is now at 10.00 seconds
[2025-02-04 21:26:34] [MIVP] [d47ed1ad-2e7f-4795-a859-acb248d42de1] Guessed 'cider', which is correct!
[2025-02-04 21:26:34] [MIVP] [xxxxxxxx-xxxx-xxxx-xxxx-xxxxxxxxxxxx] New hint: aar | Previous hint: ci
[2025-02-04 21:26:34] [MIVP] [xxxxxxxx-xxxx-xxxx-xxxx-xxxxxxxxxxxx] The timer is now at 9.85 seconds
[2025-02-04 21:26:38] [MIVP] [68ecf078-fb21-42ca-9588-717537edf879] Guessed 'aardwerk', which is correct!
[2025-02-04 21:26:38] [MIVP] [xxxxxxxx-xxxx-xxxx-xxxx-xxxxxxxxxxxx] New hint: ijd | Previous hint: aar
[2025-02-04 21:26:38] [MIVP] [xxxxxxxx-xxxx-xxxx-xxxx-xxxxxxxxxxxx] The timer is now at 9.41 seconds
[2025-02-04 21:26:40] [MIVP] [d47ed1ad-2e7f-4795-a859-acb248d42de1] Guessed 'snijden', which is correct!
[2025-02-04 21:26:40] [MIVP] [xxxxxxxx-xxxx-xxxx-xxxx-xxxxxxxxxxxx] New hint: ka | Previous hint: ijd
[2025-02-04 21:26:40] [MIVP] [xxxxxxxx-xxxx-xxxx-xxxx-xxxxxxxxxxxx] The timer is now at 9.29 seconds
[2025-02-04 21:26:44] [MIVP] [68ecf078-fb21-42ca-9588-717537edf879] Guessed 'kazenplankje' but its not a valid word (HINT: ka)
[2025-02-04 21:26:46] [MIVP] [68ecf078-fb21-42ca-9588-717537edf879] Guessed 'kazenplank' but its not a valid word (HINT: ka)
[2025-02-04 21:26:47] [MIVP] [68ecf078-fb21-42ca-9588-717537edf879] Guessed 'kaas', which is correct!
[2025-02-04 21:26:47] [MIVP] [xxxxxxxx-xxxx-xxxx-xxxx-xxxxxxxxxxxx] New hint: rs | Previous hint: ka
[2025-02-04 21:26:47] [MIVP] [xxxxxxxx-xxxx-xxxx-xxxx-xxxxxxxxxxxx] The timer is now at 8.91 seconds
[2025-02-04 21:26:50] [MIVP] [d47ed1ad-2e7f-4795-a859-acb248d42de1] Guessed 'mars', which is correct!
[2025-02-04 21:26:50] [MIVP] [xxxxxxxx-xxxx-xxxx-xxxx-xxxxxxxxxxxx] New hint: io | Previous hint: rs
[2025-02-04 21:26:50] [MIVP] [xxxxxxxx-xxxx-xxxx-xxxx-xxxxxxxxxxxx] The timer is now at 8.48 seconds
[2025-02-04 21:26:53] [MIVP] [68ecf078-fb21-42ca-9588-717537edf879] Guessed 'io' but its not a valid word (HINT: io)
[2025-02-04 21:26:57] [MIVP] [68ecf078-fb21-42ca-9588-717537edf879] Guessed 'biologiscj' but its not a valid word (HINT: io)
[2025-02-04 21:26:58] [MIVP] [68ecf078-fb21-42ca-9588-717537edf879] Guessed 'biologie', which is correct!
[2025-02-04 21:26:58] [MIVP] [xxxxxxxx-xxxx-xxxx-xxxx-xxxxxxxxxxxx] New hint: ld | Previous hint: io
[2025-02-04 21:26:58] [MIVP] [xxxxxxxx-xxxx-xxxx-xxxx-xxxxxxxxxxxx] The timer is now at 8.12 seconds
[2025-02-04 21:27:03] [MIVP] [d47ed1ad-2e7f-4795-a859-acb248d42de1] Guessed 'baldadig', which is correct!
[2025-02-04 21:27:03] [MIVP] [xxxxxxxx-xxxx-xxxx-xxxx-xxxxxxxxxxxx] New hint: ap | Previous hint: ld
[2025-02-04 21:27:03] [MIVP] [xxxxxxxx-xxxx-xxxx-xxxx-xxxxxxxxxxxx] The timer is now at 7.84 seconds
[2025-02-04 21:27:06] [MIVP] [68ecf078-fb21-42ca-9588-717537edf879] Guessed 'apenkooien', which is an excellent word!
[2025-02-04 21:27:06] [MIVP] [xxxxxxxx-xxxx-xxxx-xxxx-xxxxxxxxxxxx] New hint: ga | Previous hint: ap
[2025-02-04 21:27:06] [MIVP] [xxxxxxxx-xxxx-xxxx-xxxx-xxxxxxxxxxxx] The timer is now at 6.77 seconds
[2025-02-04 21:27:09] [MIVP] [d47ed1ad-2e7f-4795-a859-acb248d42de1] Guessed 'gamen', which is correct!
[2025-02-04 21:27:09] [MIVP] [xxxxxxxx-xxxx-xxxx-xxxx-xxxxxxxxxxxx] New hint: sm | Previous hint: ga
[2025-02-04 21:27:09] [MIVP] [xxxxxxxx-xxxx-xxxx-xxxx-xxxxxxxxxxxx] The timer is now at 6.63 seconds
[2025-02-04 21:27:15] [MIVP] [68ecf078-fb21-42ca-9588-717537edf879] Guessed '' but it does not contain the hint 'sm'
[2025-02-04 21:27:15] [MIVP] [68ecf078-fb21-42ca-9588-717537edf879] Died because they did not guess the word in time.
[2025-02-04 21:27:15] [MIVP] [d47ed1ad-2e7f-4795-a859-acb248d42de1] Has won!
[2025-02-04 21:27:26] [MIVP] [d47ed1ad-2e7f-4795-a859-acb248d42de1] Set their status to ready! (1/2)
[2025-02-04 21:27:26] [MIVP] [d47ed1ad-2e7f-4795-a859-acb248d42de1] Set their status to unready! (0/2)
